<?xml version="1.0" encoding="UTF-8"?>
<coverage generated="1668470518220" clover="3.2.0">
  <project timestamp="1668470518220" name="All files">
    <metrics statements="11" coveredstatements="11" conditionals="1" coveredconditionals="1" methods="3" coveredmethods="3" elements="15" coveredelements="15" complexity="0" loc="11" ncloc="11" packages="1" files="1" classes="1"/>
    <file name="transactionsService.ts" path="/home/rafael/Documents/Projetos/Affiliates - Challenge/back-end/src/services/transactionsService.ts">
      <metrics statements="11" coveredstatements="11" conditionals="1" coveredconditionals="1" methods="3" coveredmethods="3"/>
      <line num="6" count="1" type="stmt"/>
      <line num="7" count="1" type="stmt"/>
      <line num="11" count="2" type="stmt"/>
      <line num="12" count="2" type="stmt"/>
      <line num="13" count="3" type="stmt"/>
      <line num="15" count="3" type="stmt"/>
      <line num="16" count="3" type="stmt"/>
      <line num="17" count="2" type="stmt"/>
      <line num="22" count="3" type="cond" truecount="1" falsecount="0"/>
      <line num="23" count="1" type="stmt"/>
      <line num="31" count="1" type="stmt"/>
    </file>
  </project>
</coverage>
