{"/home/rafael/Documents/Projetos/Affiliates - Challenge/back-end/src/services/transactionsService.ts": {"path":"/home/rafael/Documents/Projetos/Affiliates - Challenge/back-end/src/services/transactionsService.ts","statementMap":{"0":{"start":{"line":6,"column":23},"end":{"line":6,"column":61}},"1":{"start":{"line":7,"column":2},"end":{"line":7,"column":22}},"2":{"start":{"line":11,"column":19},"end":{"line":11,"column":54}},"3":{"start":{"line":12,"column":2},"end":{"line":18,"column":null}},"4":{"start":{"line":12,"column":15},"end":{"line":12,"column":16}},"5":{"start":{"line":13,"column":24},"end":{"line":13,"column":35}},"6":{"start":{"line":15,"column":26},"end":{"line":15,"column":75}},"7":{"start":{"line":16,"column":4},"end":{"line":16,"column":33}},"8":{"start":{"line":17,"column":4},"end":{"line":17,"column":56}},"9":{"start":{"line":22,"column":2},"end":{"line":28,"column":null}},"10":{"start":{"line":23,"column":4},"end":{"line":27,"column":6}},"11":{"start":{"line":31,"column":28},"end":{"line":34,"column":2}}},"fnMap":{"0":{"name":"findAllTransactions","decl":{"start":{"line":5,"column":15},"end":{"line":5,"column":34}},"loc":{"start":{"line":5,"column":34},"end":{"line":8,"column":1}}},"1":{"name":"insertTransactions","decl":{"start":{"line":10,"column":15},"end":{"line":10,"column":33}},"loc":{"start":{"line":10,"column":50},"end":{"line":19,"column":1}}},"2":{"name":"checkIfExists","decl":{"start":{"line":21,"column":9},"end":{"line":21,"column":22}},"loc":{"start":{"line":21,"column":50},"end":{"line":29,"column":1}}}},"branchMap":{"0":{"loc":{"start":{"line":22,"column":2},"end":{"line":28,"column":null}},"type":"if","locations":[{"start":{"line":22,"column":2},"end":{"line":28,"column":null}}]}},"s":{"0":1,"1":1,"2":2,"3":2,"4":2,"5":3,"6":3,"7":3,"8":2,"9":3,"10":1,"11":1},"f":{"0":1,"1":2,"2":3},"b":{"0":[1]}}
}
