{"/home/rafael/Documents/Projetos/Affiliates - Challenge/back-end/src/services/transactionsService.ts": {"path":"/home/rafael/Documents/Projetos/Affiliates - Challenge/back-end/src/services/transactionsService.ts","statementMap":{"0":{"start":{"line":8,"column":23},"end":{"line":8,"column":56}},"1":{"start":{"line":9,"column":2},"end":{"line":9,"column":22}},"2":{"start":{"line":13,"column":19},"end":{"line":13,"column":54}},"3":{"start":{"line":14,"column":2},"end":{"line":27,"column":null}},"4":{"start":{"line":14,"column":15},"end":{"line":14,"column":16}},"5":{"start":{"line":15,"column":24},"end":{"line":15,"column":35}},"6":{"start":{"line":17,"column":26},"end":{"line":17,"column":75}},"7":{"start":{"line":18,"column":4},"end":{"line":18,"column":33}},"8":{"start":{"line":19,"column":19},"end":{"line":19,"column":70}},"9":{"start":{"line":21,"column":4},"end":{"line":26,"column":null}},"10":{"start":{"line":22,"column":6},"end":{"line":22,"column":69}},"11":{"start":{"line":24,"column":24},"end":{"line":24,"column":77}},"12":{"start":{"line":25,"column":6},"end":{"line":25,"column":72}},"13":{"start":{"line":31,"column":2},"end":{"line":37,"column":null}},"14":{"start":{"line":32,"column":4},"end":{"line":36,"column":6}},"15":{"start":{"line":40,"column":28},"end":{"line":43,"column":2}}},"fnMap":{"0":{"name":"findAllTransactions","decl":{"start":{"line":7,"column":15},"end":{"line":7,"column":34}},"loc":{"start":{"line":7,"column":34},"end":{"line":10,"column":1}}},"1":{"name":"insertTransactions","decl":{"start":{"line":12,"column":15},"end":{"line":12,"column":33}},"loc":{"start":{"line":12,"column":50},"end":{"line":28,"column":1}}},"2":{"name":"checkIfExists","decl":{"start":{"line":30,"column":9},"end":{"line":30,"column":22}},"loc":{"start":{"line":30,"column":50},"end":{"line":38,"column":1}}}},"branchMap":{"0":{"loc":{"start":{"line":21,"column":4},"end":{"line":26,"column":null}},"type":"if","locations":[{"start":{"line":21,"column":4},"end":{"line":26,"column":null}},{"start":{"line":23,"column":11},"end":{"line":26,"column":null}}]},"1":{"loc":{"start":{"line":31,"column":2},"end":{"line":37,"column":null}},"type":"if","locations":[{"start":{"line":31,"column":2},"end":{"line":37,"column":null}}]}},"s":{"0":0,"1":0,"2":0,"3":0,"4":0,"5":0,"6":0,"7":0,"8":0,"9":0,"10":0,"11":0,"12":0,"13":0,"14":0,"15":0},"f":{"0":0,"1":0,"2":0},"b":{"0":[0,0],"1":[0]}}
}
